<?xml version="1.0" encoding="UTF-8"?>
<testsuite name="me.arhan.extra.PluginTest" tests="1" skipped="0" failures="0" errors="0" timestamp="2023-11-15T10:02:05" hostname="antons-mbp.lan" time="0.01">
  <properties/>
  <testcase name="pluginTest()" classname="me.arhan.extra.PluginTest" time="0.01"/>
  <system-out><![CDATA[]]></system-out>
  <system-err><![CDATA[]]></system-err>
</testsuite>
