<?xml version="1.0" encoding="UTF-8"?>
<testsuite name="me.arhan.FooTest" tests="1" skipped="0" failures="0" errors="0" timestamp="2023-11-15T10:02:04" hostname="antons-mbp.lan" time="0.164">
  <properties/>
  <testcase name="foo_test()" classname="me.arhan.FooTest" time="0.164"/>
  <system-out><![CDATA[]]></system-out>
  <system-err><![CDATA[]]></system-err>
</testsuite>
