<?xml version="1.0" encoding="UTF-8"?>
<testsuite name="me.java.JavaClassTest" tests="2" skipped="0" failures="0" errors="0" timestamp="2023-11-15T10:02:04" hostname="antons-mbp.lan" time="0.061">
  <properties/>
  <testcase name="testStringLength()" classname="me.java.JavaClassTest" time="0.058"/>
  <testcase name="testStringLengthWithTernary()" classname="me.java.JavaClassTest" time="0.001"/>
  <system-out><![CDATA[]]></system-out>
  <system-err><![CDATA[]]></system-err>
</testsuite>
